2025-01-18 13:41:03,743 [background-preinit] INFO  o.h.validator.internal.util.Version - HV000001: Hibernate Validator 8.0.1.Final
2025-01-18 13:41:08,658 [main] INFO  o.s.d.r.c.RepositoryConfigurationDelegate - Multiple Spring Data modules found, entering strict repository configuration mode
2025-01-18 13:41:08,660 [main] INFO  o.s.d.r.c.RepositoryConfigurationDelegate - Bootstrapping Spring Data JPA repositories in LAZY mode.
2025-01-18 13:41:09,079 [main] INFO  o.s.d.r.c.RepositoryConfigurationDelegate - Finished Spring Data repository scanning in 399 ms. Found 1 JPA repository interface.
2025-01-18 13:41:09,102 [main] INFO  o.s.d.r.c.RepositoryConfigurationDelegate - Multiple Spring Data modules found, entering strict repository configuration mode
2025-01-18 13:41:09,103 [main] INFO  o.s.d.r.c.RepositoryConfigurationDelegate - Bootstrapping Spring Data JPA repositories in LAZY mode.
2025-01-18 13:41:09,212 [main] INFO  o.s.d.r.c.RepositoryConfigurationDelegate - Finished Spring Data repository scanning in 108 ms. Found 6 JPA repository interfaces.
2025-01-18 13:41:09,217 [main] INFO  o.s.d.r.c.RepositoryConfigurationDelegate - Multiple Spring Data modules found, entering strict repository configuration mode
2025-01-18 13:41:09,218 [main] INFO  o.s.d.r.c.RepositoryConfigurationDelegate - Bootstrapping Spring Data JPA repositories in LAZY mode.
2025-01-18 13:41:09,268 [main] INFO  o.s.d.r.c.RepositoryConfigurationDelegate - Finished Spring Data repository scanning in 49 ms. Found 1 JPA repository interface.
2025-01-18 13:41:09,273 [main] INFO  o.s.d.r.c.RepositoryConfigurationDelegate - Multiple Spring Data modules found, entering strict repository configuration mode
2025-01-18 13:41:09,275 [main] INFO  o.s.d.r.c.RepositoryConfigurationDelegate - Bootstrapping Spring Data JPA repositories in LAZY mode.
2025-01-18 13:41:09,946 [main] INFO  o.s.d.r.c.RepositoryConfigurationDelegate - Finished Spring Data repository scanning in 667 ms. Found 53 JPA repository interfaces.
2025-01-18 13:41:11,611 [main] INFO  o.s.i.c.DefaultConfiguringBeanFactoryPostProcessor - No bean named 'errorChannel' has been explicitly defined. Therefore, a default PublishSubscribeChannel will be created.
2025-01-18 13:41:11,631 [main] INFO  o.s.i.c.DefaultConfiguringBeanFactoryPostProcessor - No bean named 'integrationHeaderChannelRegistry' has been explicitly defined. Therefore, a default DefaultHeaderChannelRegistry will be created.
2025-01-18 13:41:13,957 [main] INFO  o.s.b.w.e.tomcat.TomcatWebServer - Tomcat initialized with port 9090 (http)
2025-01-18 13:41:13,988 [main] INFO  o.a.coyote.http11.Http11NioProtocol - The ["http-nio-0.0.0.0-9090"] connector has been configured to support HTTP upgrade to [h2c]
2025-01-18 13:41:13,989 [main] INFO  o.a.coyote.http11.Http11NioProtocol - Initializing ProtocolHandler ["http-nio-0.0.0.0-9090"]
2025-01-18 13:41:13,995 [main] INFO  o.a.catalina.core.StandardService - Starting service [Tomcat]
2025-01-18 13:41:13,996 [main] INFO  o.a.catalina.core.StandardEngine - Starting Servlet engine: [Apache Tomcat/10.1.33]
2025-01-18 13:41:14,131 [main] INFO  o.a.c.c.C.[Tomcat].[localhost].[/] - Initializing Spring embedded WebApplicationContext
2025-01-18 13:41:14,132 [main] INFO  o.s.b.w.s.c.ServletWebServerApplicationContext - Root WebApplicationContext: initialization completed in 10065 ms
2025-01-18 13:41:15,027 [main] INFO  o.h.jpa.internal.util.LogHelper - HHH000204: Processing PersistenceUnitInfo [name: default]
2025-01-18 13:41:15,203 [main] INFO  org.hibernate.Version - HHH000412: Hibernate ORM core version 6.4.10.Final
2025-01-18 13:41:15,303 [main] INFO  o.h.c.i.RegionFactoryInitiator - HHH000026: Second-level cache disabled
2025-01-18 13:41:15,592 [main] INFO  com.zaxxer.hikari.HikariDataSource - HikariPool-1 - Starting...
2025-01-18 13:41:15,834 [main] INFO  com.zaxxer.hikari.pool.HikariPool - HikariPool-1 - Added connection org.postgresql.jdbc.PgConnection@708f238f
2025-01-18 13:41:15,839 [main] INFO  com.zaxxer.hikari.HikariDataSource - HikariPool-1 - Start completed.
2025-01-18 13:41:17,080 [main] INFO  o.s.o.j.p.SpringPersistenceUnitInfo - No LoadTimeWeaver setup: ignoring JPA class transformer
2025-01-18 13:41:20,790 [main] INFO  o.h.e.t.j.p.i.JtaPlatformInitiator - HHH000489: No JTA platform available (set 'hibernate.transaction.jta.platform' to enable JTA platform integration)
2025-01-18 13:41:20,812 [main] INFO  o.s.o.j.LocalContainerEntityManagerFactoryBean - Initialized JPA EntityManagerFactory for persistence unit 'default'
2025-01-18 13:41:22,897 [main] INFO  o.t.s.d.a.CachedAttributesService - Going to use directExecutor for the local cache type caffeine
2025-01-18 13:41:24,743 [main] INFO  o.s.b.a.w.s.WelcomePageHandlerMapping - Adding welcome page: class path resource [public/index.html]
2025-01-18 13:41:27,013 [main] INFO  o.s.s.web.DefaultSecurityFilterChain - Will secure any request with [org.springframework.security.web.session.DisableEncodeUrlFilter@552e3209, org.springframework.security.web.context.request.async.WebAsyncManagerIntegrationFilter@1b2c8a67, org.springframework.security.web.context.SecurityContextHolderFilter@758fafb5, org.springframework.security.web.header.HeaderWriterFilter@5f1b6fbf, org.springframework.security.web.csrf.CsrfFilter@cbb6b6f, org.springframework.security.web.authentication.logout.LogoutFilter@43e7d819, org.springframework.security.oauth2.client.web.OAuth2AuthorizationRequestRedirectFilter@5bb1b018, org.springframework.security.oauth2.client.web.OAuth2AuthorizationRequestRedirectFilter@7558c84d, org.springframework.security.oauth2.client.web.OAuth2LoginAuthenticationFilter@14644607, org.springframework.security.web.authentication.ui.DefaultLoginPageGeneratingFilter@93710c6, org.springframework.security.web.authentication.ui.DefaultLogoutPageGeneratingFilter@34edbc4c, org.springframework.security.web.savedrequest.RequestCacheAwareFilter@45d39b9, org.springframework.security.web.servletapi.SecurityContextHolderAwareRequestFilter@589caa12, org.springframework.security.web.authentication.AnonymousAuthenticationFilter@28a63d05, org.springframework.security.oauth2.client.web.OAuth2AuthorizationCodeGrantFilter@27e7ee09, org.springframework.security.web.access.ExceptionTranslationFilter@119fb0b8, org.springframework.security.web.access.intercept.AuthorizationFilter@7946db67]
2025-01-18 13:41:27,343 [main] INFO  o.s.b.a.e.web.EndpointLinksResolver - Exposing 1 endpoint(s) beneath base path '/actuator'
2025-01-18 13:41:27,823 [main] INFO  o.s.i.endpoint.EventDrivenConsumer - Adding {logging-channel-adapter:_org.springframework.integration.errorLogger} as a subscriber to the 'errorChannel' channel
2025-01-18 13:41:27,825 [main] INFO  o.s.i.c.PublishSubscribeChannel - Channel 'application.errorChannel' has 1 subscriber(s).
2025-01-18 13:41:27,826 [main] INFO  o.s.i.endpoint.EventDrivenConsumer - started bean '_org.springframework.integration.errorLogger'
2025-01-18 13:41:27,880 [main] INFO  o.a.coyote.http11.Http11NioProtocol - Starting ProtocolHandler ["http-nio-0.0.0.0-9090"]
2025-01-18 13:41:27,904 [main] INFO  o.s.b.w.e.tomcat.TomcatWebServer - Tomcat started on port 9090 (http) with context path ''
2025-01-18 13:41:27,985 [main] INFO  o.t.s.i.ThingsboardInstallService - Starting ThingsBoard Installation...
2025-01-18 13:41:27,986 [main] INFO  o.t.s.i.ThingsboardInstallService - Installing DataBase schema for entities...
2025-01-18 13:41:27,987 [main] INFO  o.t.s.s.i.SqlAbstractDatabaseSchemaService - Installing SQL DataBase schema part: schema-entities.sql
2025-01-18 13:41:28,865 [http-nio-0.0.0.0-9090-exec-1] INFO  o.a.c.c.C.[Tomcat].[localhost].[/] - Initializing Spring DispatcherServlet 'dispatcherServlet'
2025-01-18 13:41:28,866 [http-nio-0.0.0.0-9090-exec-1] INFO  o.s.web.servlet.DispatcherServlet - Initializing Servlet 'dispatcherServlet'
2025-01-18 13:41:28,871 [http-nio-0.0.0.0-9090-exec-1] INFO  o.s.web.servlet.DispatcherServlet - Completed initialization in 5 ms
2025-01-18 13:41:29,226 [main] INFO  o.t.s.s.i.SqlAbstractDatabaseSchemaService - Installing SQL DataBase schema indexes part: schema-entities-idx.sql
2025-01-18 13:41:29,576 [main] INFO  o.t.s.s.i.SqlEntityDatabaseSchemaService - Installing SQL DataBase schema PostgreSQL specific indexes part: schema-entities-idx-psql-addon.sql
2025-01-18 13:41:29,636 [main] INFO  o.t.s.s.i.SqlEntityDatabaseSchemaService - Installing SQL DataBase schema views and functions: schema-views-and-functions.sql
2025-01-18 13:41:29,739 [main] INFO  o.t.s.s.i.SqlAbstractDatabaseSchemaService - Successfully executed query: DROP VIEW IF EXISTS device_info_view CASCADE;
2025-01-18 13:41:34,781 [main] INFO  o.t.s.s.i.SqlAbstractDatabaseSchemaService - Successfully executed query: CREATE OR REPLACE VIEW device_info_view AS SELECT * FROM device_info_active_attribute_view;
2025-01-18 13:41:39,782 [main] INFO  o.t.s.i.ThingsboardInstallService - Installing DataBase schema for timeseries...
2025-01-18 13:41:39,783 [main] INFO  o.t.s.s.i.SqlAbstractDatabaseSchemaService - Installing SQL DataBase schema part: schema-ts-psql.sql
2025-01-18 13:41:39,872 [main] INFO  o.t.s.s.i.SqlAbstractDatabaseSchemaService - Successfully executed query: CREATE TABLE IF NOT EXISTS ts_kv_indefinite PARTITION OF ts_kv DEFAULT;
2025-01-18 13:41:44,872 [main] INFO  o.t.s.i.ThingsboardInstallService - Loading system data...
2025-01-18 13:41:45,342 [main] INFO  o.s.d.j.r.query.QueryEnhancerFactory - Hibernate is in classpath; If applicable, HQL parser will be used.
2025-01-18 13:41:46,647 [main] INFO  c.d.oss.driver.api.core.uuid.Uuids - PID obtained through JMX: 50
2025-01-18 13:41:47,888 [main] INFO  org.owasp.validator.html.Policy - Attempting to load AntiSamy policy from an input stream.
2025-01-18 13:41:48,035 [main] WARN  org.owasp.validator.html.Policy - The directive "noopenerAndNoreferrerAnchors" is enabled by default, but disabled in this policy. It is recommended to leave it enabled to prevent reverse tabnabbing attacks.
2025-01-18 13:41:48,789 [main] INFO  o.t.s.s.i.DefaultSystemDataLoaderService - Creating JWT admin settings...
2025-01-18 13:41:48,795 [main] INFO  o.t.s.s.s.a.j.s.DefaultJwtSettingsService - Saving new JWT admin settings. From this moment, the JWT parameters from YAML and ENV will be ignored
2025-01-18 13:41:48,814 [main] INFO  o.t.s.service.install.InstallScripts - Loading system widgets
2025-01-18 13:42:06,130 [main] INFO  o.t.s.service.install.InstallScripts - Loading system SCADA symbols
2025-01-18 13:42:12,219 [main] INFO  o.t.s.s.i.DefaultSystemDataLoaderService - Creating default notification configs for system admin
2025-01-18 13:42:12,415 [main] INFO  o.t.s.s.i.DefaultSystemDataLoaderService - Creating default notification configs for all tenants
2025-01-18 13:42:17,368 [main] INFO  o.t.s.service.install.InstallScripts - Loading system images and resources...
2025-01-18 13:42:17,429 [main] INFO  o.t.s.d.resource.BaseResourceService - Creating system resource gateway-management-extension.js
2025-01-18 13:42:17,488 [main] INFO  o.t.s.d.resource.BaseResourceService - Creating system resource gateways_dashboard.json
2025-01-18 13:42:17,499 [main] INFO  o.t.s.i.ThingsboardInstallService - Loading demo data...
2025-01-18 13:42:20,038 [main] INFO  o.t.s.i.ThingsboardInstallService - Installation finished successfully!
2025-01-18 13:42:20,052 [main] INFO  o.a.coyote.http11.Http11NioProtocol - Stopping ProtocolHandler ["http-nio-0.0.0.0-9090"]
2025-01-18 13:42:20,088 [main] INFO  o.s.i.endpoint.EventDrivenConsumer - Removing {logging-channel-adapter:_org.springframework.integration.errorLogger} as a subscriber to the 'errorChannel' channel
2025-01-18 13:42:20,088 [main] INFO  o.s.i.c.PublishSubscribeChannel - Channel 'application.errorChannel' has 0 subscriber(s).
2025-01-18 13:42:20,090 [main] INFO  o.s.i.endpoint.EventDrivenConsumer - stopped bean '_org.springframework.integration.errorLogger'
2025-01-18 13:42:20,103 [sql-queue-1-attributes-6-thread-1] INFO  o.t.s.dao.sql.TbSqlBlockingQueue - [Attributes] Queue polling was interrupted
2025-01-18 13:42:20,103 [sql-queue-1-ts-9-thread-1] INFO  o.t.s.dao.sql.TbSqlBlockingQueue - [TS] Queue polling was interrupted
2025-01-18 13:42:20,103 [sql-queue-2-attributes-7-thread-1] INFO  o.t.s.dao.sql.TbSqlBlockingQueue - [Attributes] Queue polling was interrupted
2025-01-18 13:42:20,103 [sql-queue-0-attributes-5-thread-1] INFO  o.t.s.dao.sql.TbSqlBlockingQueue - [Attributes] Queue polling was interrupted
2025-01-18 13:42:20,103 [sql-queue-0-ts latest-11-thread-1] INFO  o.t.s.dao.sql.TbSqlBlockingQueue - [TS Latest] Queue polling was interrupted
2025-01-18 13:42:20,103 [sql-queue-2-ts latest-13-thread-1] INFO  o.t.s.dao.sql.TbSqlBlockingQueue - [TS Latest] Queue polling was interrupted
2025-01-18 13:42:20,103 [sql-queue-1-ts latest-12-thread-1] INFO  o.t.s.dao.sql.TbSqlBlockingQueue - [TS Latest] Queue polling was interrupted
2025-01-18 13:42:20,103 [sql-queue-0-ts-8-thread-1] INFO  o.t.s.dao.sql.TbSqlBlockingQueue - [TS] Queue polling was interrupted
2025-01-18 13:42:20,104 [sql-queue-2-ts-10-thread-1] INFO  o.t.s.dao.sql.TbSqlBlockingQueue - [TS] Queue polling was interrupted
2025-01-18 13:42:20,104 [sql-queue-1-attributes-6-thread-1] INFO  o.t.s.dao.sql.TbSqlBlockingQueue - [Attributes] Queue polling completed
2025-01-18 13:42:20,104 [sql-queue-1-ts-9-thread-1] INFO  o.t.s.dao.sql.TbSqlBlockingQueue - [TS] Queue polling completed
2025-01-18 13:42:20,104 [sql-queue-2-attributes-7-thread-1] INFO  o.t.s.dao.sql.TbSqlBlockingQueue - [Attributes] Queue polling completed
2025-01-18 13:42:20,105 [sql-queue-0-attributes-5-thread-1] INFO  o.t.s.dao.sql.TbSqlBlockingQueue - [Attributes] Queue polling completed
2025-01-18 13:42:20,105 [sql-queue-0-ts latest-11-thread-1] INFO  o.t.s.dao.sql.TbSqlBlockingQueue - [TS Latest] Queue polling completed
2025-01-18 13:42:20,105 [sql-queue-2-ts latest-13-thread-1] INFO  o.t.s.dao.sql.TbSqlBlockingQueue - [TS Latest] Queue polling completed
2025-01-18 13:42:20,106 [sql-queue-1-ts latest-12-thread-1] INFO  o.t.s.dao.sql.TbSqlBlockingQueue - [TS Latest] Queue polling completed
2025-01-18 13:42:20,106 [sql-queue-0-ts-8-thread-1] INFO  o.t.s.dao.sql.TbSqlBlockingQueue - [TS] Queue polling completed
2025-01-18 13:42:20,107 [sql-queue-2-ts-10-thread-1] INFO  o.t.s.dao.sql.TbSqlBlockingQueue - [TS] Queue polling completed
2025-01-18 13:42:20,112 [sql-queue-0-edge events-16-thread-1] INFO  o.t.s.dao.sql.TbSqlBlockingQueue - [Edge Events] Queue polling was interrupted
2025-01-18 13:42:20,113 [sql-queue-0-edge events-16-thread-1] INFO  o.t.s.dao.sql.TbSqlBlockingQueue - [Edge Events] Queue polling completed
2025-01-18 13:42:20,113 [sql-queue-2-events-4-thread-1] INFO  o.t.s.dao.sql.TbSqlBlockingQueue - [Events] Queue polling was interrupted
2025-01-18 13:42:20,113 [sql-queue-0-events-2-thread-1] INFO  o.t.s.dao.sql.TbSqlBlockingQueue - [Events] Queue polling was interrupted
2025-01-18 13:42:20,113 [sql-queue-1-events-3-thread-1] INFO  o.t.s.dao.sql.TbSqlBlockingQueue - [Events] Queue polling was interrupted
2025-01-18 13:42:20,114 [sql-queue-2-events-4-thread-1] INFO  o.t.s.dao.sql.TbSqlBlockingQueue - [Events] Queue polling completed
2025-01-18 13:42:20,114 [sql-queue-0-events-2-thread-1] INFO  o.t.s.dao.sql.TbSqlBlockingQueue - [Events] Queue polling completed
2025-01-18 13:42:20,114 [main] INFO  o.s.o.j.LocalContainerEntityManagerFactoryBean - Closing JPA EntityManagerFactory for persistence unit 'default'
2025-01-18 13:42:20,114 [sql-queue-1-events-3-thread-1] INFO  o.t.s.dao.sql.TbSqlBlockingQueue - [Events] Queue polling completed
2025-01-18 13:42:20,118 [main] INFO  com.zaxxer.hikari.HikariDataSource - HikariPool-1 - Shutdown initiated...
2025-01-18 13:42:20,130 [main] INFO  com.zaxxer.hikari.HikariDataSource - HikariPool-1 - Shutdown completed.
