0 verbose cli /usr/local/bin/node /usr/local/bin/npm
1 info using npm@8.19.4
2 info using node@v16.20.2
3 timing npm:load:whichnode Completed in 0ms
4 timing config:load:defaults Completed in 1ms
5 timing config:load:file:/usr/local/lib/node_modules/npm/npmrc Completed in 1ms
6 timing config:load:builtin Completed in 1ms
7 warn config production Use `--omit=dev` instead.
8 timing config:load:cli Completed in 2ms
9 timing config:load:env Completed in 0ms
10 timing config:load:file:/data/.npmrc Completed in 0ms
11 timing config:load:project Completed in 4ms
12 timing config:load:file:/usr/src/node-red/.npmrc Completed in 0ms
13 timing config:load:user Completed in 1ms
14 timing config:load:file:/usr/local/etc/npmrc Completed in 2ms
15 timing config:load:global Completed in 2ms
16 timing config:load:validate Completed in 0ms
17 timing config:load:credentials Completed in 1ms
18 timing config:load:setEnvs Completed in 1ms
19 timing config:load Completed in 14ms
20 timing npm:load:configload Completed in 14ms
21 timing npm:load:mkdirpcache Completed in 5ms
22 timing npm:load:mkdirplogs Completed in 1ms
23 verbose title npm install @5minds/node-red-contrib-processcube-amqp@0.9.0
24 verbose argv "install" "--no-audit" "--no-update-notifier" "--no-fund" "--save" "--save-prefix" "~" "--production" "--engine-strict" "@5minds/node-red-contrib-processcube-amqp@0.9.0"
25 timing npm:load:setTitle Completed in 1ms
26 timing config:load:flatten Completed in 4ms
27 timing npm:load:display Completed in 7ms
28 verbose logfile logs-max:10 dir:/data/.npm/_logs
29 verbose logfile /data/.npm/_logs/2025-02-01T13_29_45_034Z-debug-0.log
30 timing npm:load:logFile Completed in 4ms
31 timing npm:load:timers Completed in 0ms
32 timing npm:load:configScope Completed in 0ms
33 timing npm:load Completed in 33ms
34 timing arborist:ctor Completed in 1ms
35 silly logfile start cleaning logs, removing 1 files
36 silly logfile done cleaning log files
37 timing idealTree:init Completed in 29ms
38 timing idealTree:userRequests Completed in 1ms
39 silly idealTree buildDeps
40 silly fetch manifest @5minds/node-red-contrib-processcube-amqp@0.9.0
41 timing arborist:ctor Completed in 0ms
42 http fetch GET 200 https://registry.npmjs.org/@5minds%2fnode-red-contrib-processcube-amqp 1768ms (cache miss)
43 silly placeDep ROOT @5minds/node-red-contrib-processcube-amqp@0.9.0 OK for: node-red-project@0.0.1 want: 0.9.0
44 silly fetch manifest amqplib@0.10.4
45 silly fetch manifest uuid@^9.0.1
46 http fetch GET 200 https://registry.npmjs.org/amqplib 13ms (cache hit)
47 http fetch GET 200 https://registry.npmjs.org/uuid 51ms (cache miss)
48 timing idealTree:#root Completed in 1830ms
49 silly placeDep node_modules/@5minds/node-red-contrib-processcube-amqp amqplib@0.10.4 OK for: @5minds/node-red-contrib-processcube-amqp@0.9.0 want: 0.10.4
50 silly placeDep node_modules/@5minds/node-red-contrib-processcube-amqp uuid@9.0.1 OK for: @5minds/node-red-contrib-processcube-amqp@0.9.0 want: ^9.0.1
51 silly fetch manifest readable-stream@1.x >=1.1.9
52 http fetch GET 200 https://registry.npmjs.org/readable-stream 7ms (cache hit)
53 timing idealTree:node_modules/@5minds/node-red-contrib-processcube-amqp Completed in 15ms
54 silly placeDep ROOT readable-stream@1.1.14 OK for: amqplib@0.10.4 want: 1.x >=1.1.9
55 silly fetch manifest isarray@0.0.1
56 silly fetch manifest inherits@~2.0.1
57 silly fetch manifest core-util-is@~1.0.0
58 silly fetch manifest string_decoder@~0.10.x
59 http fetch GET 200 https://registry.npmjs.org/inherits 12ms (cache hit)
60 http fetch GET 200 https://registry.npmjs.org/isarray 13ms (cache hit)
61 http fetch GET 200 https://registry.npmjs.org/string_decoder 12ms (cache hit)
62 http fetch GET 200 https://registry.npmjs.org/core-util-is 14ms (cache hit)
63 timing idealTree:node_modules/@5minds/node-red-contrib-processcube-amqp/node_modules/amqplib Completed in 17ms
64 silly placeDep ROOT core-util-is@1.0.3 OK for: readable-stream@1.1.14 want: ~1.0.0
65 silly placeDep ROOT inherits@2.0.4 OK for: readable-stream@1.1.14 want: ~2.0.1
66 silly placeDep ROOT isarray@0.0.1 OK for: readable-stream@1.1.14 want: 0.0.1
67 silly placeDep ROOT string_decoder@0.10.31 OK for: readable-stream@1.1.14 want: ~0.10.x
68 timing idealTree:node_modules/readable-stream Completed in 4ms
69 timing idealTree:node_modules/core-util-is Completed in 0ms
70 timing idealTree:node_modules/inherits Completed in 0ms
71 timing idealTree:node_modules/isarray Completed in 0ms
72 timing idealTree:node_modules/string_decoder Completed in 0ms
73 timing idealTree:node_modules/@5minds/node-red-contrib-processcube-amqp/node_modules/uuid Completed in 0ms
74 timing idealTree:buildDeps Completed in 1868ms
75 timing idealTree:fixDepFlags Completed in 1ms
76 timing idealTree Completed in 1901ms
77 timing reify:loadTrees Completed in 1901ms
78 timing reify:diffTrees Completed in 2ms
79 silly reify moves {}
80 timing reify:retireShallow Completed in 1ms
81 timing reify:createSparse Completed in 2ms
82 timing reify:trashOmits Completed in 1ms
83 timing reify:loadBundles Completed in 0ms
84 silly tarball no local data for string_decoder@https://registry.npmjs.org/string_decoder/-/string_decoder-0.10.31.tgz. Extracting by manifest.
85 silly tarball no local data for isarray@https://registry.npmjs.org/isarray/-/isarray-0.0.1.tgz. Extracting by manifest.
86 silly tarball no local data for readable-stream@https://registry.npmjs.org/readable-stream/-/readable-stream-1.1.14.tgz. Extracting by manifest.
87 silly tarball no local data for inherits@https://registry.npmjs.org/inherits/-/inherits-2.0.4.tgz. Extracting by manifest.
88 silly tarball no local data for @5minds/node-red-contrib-processcube-amqp@https://registry.npmjs.org/@5minds/node-red-contrib-processcube-amqp/-/node-red-contrib-processcube-amqp-0.9.0.tgz. Extracting by manifest.
89 silly tarball no local data for core-util-is@https://registry.npmjs.org/core-util-is/-/core-util-is-1.0.3.tgz. Extracting by manifest.
90 silly tarball no local data for uuid@https://registry.npmjs.org/uuid/-/uuid-9.0.1.tgz. Extracting by manifest.
91 silly tarball no local data for amqplib@https://registry.npmjs.org/amqplib/-/amqplib-0.10.4.tgz. Extracting by manifest.
92 http fetch GET 200 https://registry.npmjs.org/string_decoder/-/string_decoder-0.10.31.tgz 68ms (cache miss)
93 timing reifyNode:node_modules/string_decoder Completed in 79ms
94 http fetch GET 200 https://registry.npmjs.org/isarray/-/isarray-0.0.1.tgz 115ms (cache miss)
95 timing reifyNode:node_modules/isarray Completed in 126ms
96 http fetch GET 200 https://registry.npmjs.org/inherits/-/inherits-2.0.4.tgz 142ms (cache miss)
97 timing reifyNode:node_modules/inherits Completed in 158ms
98 http fetch GET 200 https://registry.npmjs.org/readable-stream/-/readable-stream-1.1.14.tgz 149ms (cache miss)
99 timing reifyNode:node_modules/readable-stream Completed in 162ms
100 http fetch GET 200 https://registry.npmjs.org/core-util-is/-/core-util-is-1.0.3.tgz 152ms (cache miss)
101 timing reifyNode:node_modules/core-util-is Completed in 169ms
102 http fetch GET 200 https://registry.npmjs.org/uuid/-/uuid-9.0.1.tgz 167ms (cache miss)
103 timing reifyNode:node_modules/@5minds/node-red-contrib-processcube-amqp/node_modules/uuid Completed in 185ms
104 http fetch GET 200 https://registry.npmjs.org/amqplib/-/amqplib-0.10.4.tgz 176ms (cache miss)
105 timing reifyNode:node_modules/@5minds/node-red-contrib-processcube-amqp/node_modules/amqplib Completed in 194ms
106 http fetch GET 200 https://registry.npmjs.org/@5minds/node-red-contrib-processcube-amqp/-/node-red-contrib-processcube-amqp-0.9.0.tgz 1426ms (cache miss)
107 timing reifyNode:node_modules/@5minds/node-red-contrib-processcube-amqp Completed in 1442ms
108 timing reify:unpack Completed in 1442ms
109 timing reify:unretire Completed in 0ms
110 timing build:queue Completed in 1ms
111 timing build:link:node_modules/@5minds/node-red-contrib-processcube-amqp/node_modules/uuid Completed in 3ms
112 timing build:link Completed in 3ms
113 timing build:deps Completed in 4ms
114 timing build Completed in 4ms
115 timing reify:build Completed in 4ms
116 timing reify:trash Completed in 0ms
117 timing reify:save Completed in 20ms
118 timing reify Completed in 3386ms
119 silly ADD node_modules/string_decoder
120 silly ADD node_modules/isarray
121 silly ADD node_modules/inherits
122 silly ADD node_modules/core-util-is
123 silly ADD node_modules/readable-stream
124 silly ADD node_modules/@5minds/node-red-contrib-processcube-amqp
125 silly ADD node_modules/@5minds/node-red-contrib-processcube-amqp/node_modules/uuid
126 silly ADD node_modules/@5minds/node-red-contrib-processcube-amqp/node_modules/amqplib
127 timing command:install Completed in 3390ms
128 verbose exit 0
129 timing npm Completed in 3521ms
130 info ok
