2025-01-18 12:05:05,499 [background-preinit] INFO  o.h.validator.internal.util.Version - HV000001: Hibernate Validator 8.0.1.Final
2025-01-18 12:05:08,609 [main] INFO  o.s.d.r.c.RepositoryConfigurationDelegate - Multiple Spring Data modules found, entering strict repository configuration mode
2025-01-18 12:05:08,611 [main] INFO  o.s.d.r.c.RepositoryConfigurationDelegate - Bootstrapping Spring Data JPA repositories in LAZY mode.
2025-01-18 12:05:08,822 [main] INFO  o.s.d.r.c.RepositoryConfigurationDelegate - Finished Spring Data repository scanning in 198 ms. Found 1 JPA repository interface.
2025-01-18 12:05:08,832 [main] INFO  o.s.d.r.c.RepositoryConfigurationDelegate - Multiple Spring Data modules found, entering strict repository configuration mode
2025-01-18 12:05:08,842 [main] INFO  o.s.d.r.c.RepositoryConfigurationDelegate - Bootstrapping Spring Data JPA repositories in LAZY mode.
2025-01-18 12:05:08,919 [main] INFO  o.s.d.r.c.RepositoryConfigurationDelegate - Finished Spring Data repository scanning in 75 ms. Found 6 JPA repository interfaces.
2025-01-18 12:05:08,922 [main] INFO  o.s.d.r.c.RepositoryConfigurationDelegate - Multiple Spring Data modules found, entering strict repository configuration mode
2025-01-18 12:05:08,923 [main] INFO  o.s.d.r.c.RepositoryConfigurationDelegate - Bootstrapping Spring Data JPA repositories in LAZY mode.
2025-01-18 12:05:08,939 [main] INFO  o.s.d.r.c.RepositoryConfigurationDelegate - Finished Spring Data repository scanning in 16 ms. Found 1 JPA repository interface.
2025-01-18 12:05:08,941 [main] INFO  o.s.d.r.c.RepositoryConfigurationDelegate - Multiple Spring Data modules found, entering strict repository configuration mode
2025-01-18 12:05:08,941 [main] INFO  o.s.d.r.c.RepositoryConfigurationDelegate - Bootstrapping Spring Data JPA repositories in LAZY mode.
2025-01-18 12:05:09,345 [main] INFO  o.s.d.r.c.RepositoryConfigurationDelegate - Finished Spring Data repository scanning in 403 ms. Found 53 JPA repository interfaces.
2025-01-18 12:05:10,751 [main] INFO  o.s.i.c.DefaultConfiguringBeanFactoryPostProcessor - No bean named 'errorChannel' has been explicitly defined. Therefore, a default PublishSubscribeChannel will be created.
2025-01-18 12:05:10,769 [main] INFO  o.s.i.c.DefaultConfiguringBeanFactoryPostProcessor - No bean named 'integrationHeaderChannelRegistry' has been explicitly defined. Therefore, a default DefaultHeaderChannelRegistry will be created.
2025-01-18 12:05:12,597 [main] INFO  o.s.b.w.e.tomcat.TomcatWebServer - Tomcat initialized with port 9090 (http)
2025-01-18 12:05:12,644 [main] INFO  o.a.coyote.http11.Http11NioProtocol - The ["http-nio-0.0.0.0-9090"] connector has been configured to support HTTP upgrade to [h2c]
2025-01-18 12:05:12,645 [main] INFO  o.a.coyote.http11.Http11NioProtocol - Initializing ProtocolHandler ["http-nio-0.0.0.0-9090"]
2025-01-18 12:05:12,655 [main] INFO  o.a.catalina.core.StandardService - Starting service [Tomcat]
2025-01-18 12:05:12,656 [main] INFO  o.a.catalina.core.StandardEngine - Starting Servlet engine: [Apache Tomcat/10.1.33]
2025-01-18 12:05:12,761 [main] INFO  o.a.c.c.C.[Tomcat].[localhost].[/] - Initializing Spring embedded WebApplicationContext
2025-01-18 12:05:12,761 [main] INFO  o.s.b.w.s.c.ServletWebServerApplicationContext - Root WebApplicationContext: initialization completed in 7023 ms
2025-01-18 12:05:13,878 [main] INFO  o.h.jpa.internal.util.LogHelper - HHH000204: Processing PersistenceUnitInfo [name: default]
2025-01-18 12:05:14,114 [main] INFO  org.hibernate.Version - HHH000412: Hibernate ORM core version 6.4.10.Final
2025-01-18 12:05:14,252 [main] INFO  o.h.c.i.RegionFactoryInitiator - HHH000026: Second-level cache disabled
2025-01-18 12:05:14,607 [main] INFO  com.zaxxer.hikari.HikariDataSource - HikariPool-1 - Starting...
2025-01-18 12:05:14,943 [main] INFO  com.zaxxer.hikari.pool.HikariPool - HikariPool-1 - Added connection org.postgresql.jdbc.PgConnection@77a6aa9f
2025-01-18 12:05:14,947 [main] INFO  com.zaxxer.hikari.HikariDataSource - HikariPool-1 - Start completed.
2025-01-18 12:05:16,235 [main] INFO  o.s.o.j.p.SpringPersistenceUnitInfo - No LoadTimeWeaver setup: ignoring JPA class transformer
2025-01-18 12:05:20,658 [main] INFO  o.h.e.t.j.p.i.JtaPlatformInitiator - HHH000489: No JTA platform available (set 'hibernate.transaction.jta.platform' to enable JTA platform integration)
2025-01-18 12:05:20,691 [main] INFO  o.s.o.j.LocalContainerEntityManagerFactoryBean - Initialized JPA EntityManagerFactory for persistence unit 'default'
2025-01-18 12:05:23,446 [main] INFO  o.t.s.d.a.CachedAttributesService - Going to use directExecutor for the local cache type caffeine
2025-01-18 12:05:25,851 [main] INFO  o.s.b.a.w.s.WelcomePageHandlerMapping - Adding welcome page: class path resource [public/index.html]
2025-01-18 12:05:29,239 [main] INFO  o.s.s.web.DefaultSecurityFilterChain - Will secure any request with [org.springframework.security.web.session.DisableEncodeUrlFilter@58098663, org.springframework.security.web.context.request.async.WebAsyncManagerIntegrationFilter@4a269062, org.springframework.security.web.context.SecurityContextHolderFilter@5b4932c8, org.springframework.security.web.header.HeaderWriterFilter@59ca58e2, org.springframework.security.web.csrf.CsrfFilter@4bcf8428, org.springframework.security.web.authentication.logout.LogoutFilter@2afb3317, org.springframework.security.oauth2.client.web.OAuth2AuthorizationRequestRedirectFilter@78707c5b, org.springframework.security.oauth2.client.web.OAuth2AuthorizationRequestRedirectFilter@38f2e385, org.springframework.security.oauth2.client.web.OAuth2LoginAuthenticationFilter@5024d48a, org.springframework.security.web.authentication.ui.DefaultLoginPageGeneratingFilter@3e7d458a, org.springframework.security.web.authentication.ui.DefaultLogoutPageGeneratingFilter@37df48a4, org.springframework.security.web.savedrequest.RequestCacheAwareFilter@5e64b093, org.springframework.security.web.servletapi.SecurityContextHolderAwareRequestFilter@38fd32ff, org.springframework.security.web.authentication.AnonymousAuthenticationFilter@69208ca6, org.springframework.security.oauth2.client.web.OAuth2AuthorizationCodeGrantFilter@34edbc4c, org.springframework.security.web.access.ExceptionTranslationFilter@50c54df7, org.springframework.security.web.access.intercept.AuthorizationFilter@34d9d307]
2025-01-18 12:05:29,526 [main] INFO  o.s.b.a.e.web.EndpointLinksResolver - Exposing 1 endpoint(s) beneath base path '/actuator'
2025-01-18 12:05:30,126 [main] INFO  o.s.i.endpoint.EventDrivenConsumer - Adding {logging-channel-adapter:_org.springframework.integration.errorLogger} as a subscriber to the 'errorChannel' channel
2025-01-18 12:05:30,127 [main] INFO  o.s.i.c.PublishSubscribeChannel - Channel 'application.errorChannel' has 1 subscriber(s).
2025-01-18 12:05:30,128 [main] INFO  o.s.i.endpoint.EventDrivenConsumer - started bean '_org.springframework.integration.errorLogger'
2025-01-18 12:05:30,188 [main] INFO  o.a.coyote.http11.Http11NioProtocol - Starting ProtocolHandler ["http-nio-0.0.0.0-9090"]
2025-01-18 12:05:30,215 [main] INFO  o.s.b.w.e.tomcat.TomcatWebServer - Tomcat started on port 9090 (http) with context path ''
2025-01-18 12:05:30,305 [main] INFO  o.t.s.i.ThingsboardInstallService - Starting ThingsBoard Installation...
2025-01-18 12:05:30,306 [main] INFO  o.t.s.i.ThingsboardInstallService - Installing DataBase schema for entities...
2025-01-18 12:05:30,307 [main] INFO  o.t.s.s.i.SqlAbstractDatabaseSchemaService - Installing SQL DataBase schema part: schema-entities.sql
2025-01-18 12:05:31,601 [main] INFO  o.t.s.s.i.SqlAbstractDatabaseSchemaService - Installing SQL DataBase schema indexes part: schema-entities-idx.sql
2025-01-18 12:05:31,961 [main] INFO  o.t.s.s.i.SqlEntityDatabaseSchemaService - Installing SQL DataBase schema PostgreSQL specific indexes part: schema-entities-idx-psql-addon.sql
2025-01-18 12:05:32,024 [main] INFO  o.t.s.s.i.SqlEntityDatabaseSchemaService - Installing SQL DataBase schema views and functions: schema-views-and-functions.sql
2025-01-18 12:05:32,145 [main] INFO  o.t.s.s.i.SqlAbstractDatabaseSchemaService - Successfully executed query: DROP VIEW IF EXISTS device_info_view CASCADE;
2025-01-18 12:05:37,183 [main] INFO  o.t.s.s.i.SqlAbstractDatabaseSchemaService - Successfully executed query: CREATE OR REPLACE VIEW device_info_view AS SELECT * FROM device_info_active_attribute_view;
2025-01-18 12:05:42,184 [main] INFO  o.t.s.i.ThingsboardInstallService - Installing DataBase schema for timeseries...
2025-01-18 12:05:42,184 [main] INFO  o.t.s.s.i.SqlAbstractDatabaseSchemaService - Installing SQL DataBase schema part: schema-ts-psql.sql
2025-01-18 12:05:42,279 [main] INFO  o.t.s.s.i.SqlAbstractDatabaseSchemaService - Successfully executed query: CREATE TABLE IF NOT EXISTS ts_kv_indefinite PARTITION OF ts_kv DEFAULT;
2025-01-18 12:05:47,281 [main] INFO  o.t.s.i.ThingsboardInstallService - Loading system data...
2025-01-18 12:05:47,721 [main] INFO  o.s.d.j.r.query.QueryEnhancerFactory - Hibernate is in classpath; If applicable, HQL parser will be used.
2025-01-18 12:05:49,843 [main] INFO  c.d.oss.driver.api.core.uuid.Uuids - PID obtained through JMX: 50
2025-01-18 12:05:51,419 [main] INFO  org.owasp.validator.html.Policy - Attempting to load AntiSamy policy from an input stream.
2025-01-18 12:05:51,645 [main] WARN  org.owasp.validator.html.Policy - The directive "noopenerAndNoreferrerAnchors" is enabled by default, but disabled in this policy. It is recommended to leave it enabled to prevent reverse tabnabbing attacks.
2025-01-18 12:05:52,568 [main] INFO  o.t.s.s.i.DefaultSystemDataLoaderService - Creating JWT admin settings...
2025-01-18 12:05:52,573 [main] INFO  o.t.s.s.s.a.j.s.DefaultJwtSettingsService - Saving new JWT admin settings. From this moment, the JWT parameters from YAML and ENV will be ignored
2025-01-18 12:05:52,594 [main] INFO  o.t.s.service.install.InstallScripts - Loading system widgets
2025-01-18 12:06:11,710 [main] INFO  o.t.s.service.install.InstallScripts - Loading system SCADA symbols
2025-01-18 12:06:19,101 [main] INFO  o.t.s.s.i.DefaultSystemDataLoaderService - Creating default notification configs for system admin
2025-01-18 12:06:19,342 [main] INFO  o.t.s.s.i.DefaultSystemDataLoaderService - Creating default notification configs for all tenants
2025-01-18 12:06:25,014 [main] INFO  o.t.s.service.install.InstallScripts - Loading system images and resources...
2025-01-18 12:06:25,114 [main] INFO  o.t.s.d.resource.BaseResourceService - Creating system resource gateway-management-extension.js
2025-01-18 12:06:25,212 [main] INFO  o.t.s.d.resource.BaseResourceService - Creating system resource gateways_dashboard.json
2025-01-18 12:06:25,226 [main] INFO  o.t.s.i.ThingsboardInstallService - Loading demo data...
2025-01-18 12:06:28,561 [main] INFO  o.t.s.i.ThingsboardInstallService - Installation finished successfully!
2025-01-18 12:06:28,572 [main] INFO  o.a.coyote.http11.Http11NioProtocol - Stopping ProtocolHandler ["http-nio-0.0.0.0-9090"]
2025-01-18 12:06:28,623 [main] INFO  o.s.i.endpoint.EventDrivenConsumer - Removing {logging-channel-adapter:_org.springframework.integration.errorLogger} as a subscriber to the 'errorChannel' channel
2025-01-18 12:06:28,624 [main] INFO  o.s.i.c.PublishSubscribeChannel - Channel 'application.errorChannel' has 0 subscriber(s).
2025-01-18 12:06:28,624 [main] INFO  o.s.i.endpoint.EventDrivenConsumer - stopped bean '_org.springframework.integration.errorLogger'
2025-01-18 12:06:28,639 [sql-queue-1-ts-9-thread-1] INFO  o.t.s.dao.sql.TbSqlBlockingQueue - [TS] Queue polling was interrupted
2025-01-18 12:06:28,639 [sql-queue-2-ts-10-thread-1] INFO  o.t.s.dao.sql.TbSqlBlockingQueue - [TS] Queue polling was interrupted
2025-01-18 12:06:28,639 [sql-queue-0-ts-8-thread-1] INFO  o.t.s.dao.sql.TbSqlBlockingQueue - [TS] Queue polling was interrupted
2025-01-18 12:06:28,639 [sql-queue-0-ts latest-11-thread-1] INFO  o.t.s.dao.sql.TbSqlBlockingQueue - [TS Latest] Queue polling was interrupted
2025-01-18 12:06:28,639 [sql-queue-2-attributes-7-thread-1] INFO  o.t.s.dao.sql.TbSqlBlockingQueue - [Attributes] Queue polling was interrupted
2025-01-18 12:06:28,639 [sql-queue-1-ts latest-12-thread-1] INFO  o.t.s.dao.sql.TbSqlBlockingQueue - [TS Latest] Queue polling was interrupted
2025-01-18 12:06:28,639 [sql-queue-2-ts latest-13-thread-1] INFO  o.t.s.dao.sql.TbSqlBlockingQueue - [TS Latest] Queue polling was interrupted
2025-01-18 12:06:28,640 [sql-queue-1-attributes-6-thread-1] INFO  o.t.s.dao.sql.TbSqlBlockingQueue - [Attributes] Queue polling was interrupted
2025-01-18 12:06:28,640 [sql-queue-1-ts-9-thread-1] INFO  o.t.s.dao.sql.TbSqlBlockingQueue - [TS] Queue polling completed
2025-01-18 12:06:28,640 [sql-queue-0-attributes-5-thread-1] INFO  o.t.s.dao.sql.TbSqlBlockingQueue - [Attributes] Queue polling was interrupted
2025-01-18 12:06:28,641 [sql-queue-2-ts-10-thread-1] INFO  o.t.s.dao.sql.TbSqlBlockingQueue - [TS] Queue polling completed
2025-01-18 12:06:28,643 [sql-queue-0-ts latest-11-thread-1] INFO  o.t.s.dao.sql.TbSqlBlockingQueue - [TS Latest] Queue polling completed
2025-01-18 12:06:28,643 [sql-queue-2-attributes-7-thread-1] INFO  o.t.s.dao.sql.TbSqlBlockingQueue - [Attributes] Queue polling completed
2025-01-18 12:06:28,643 [sql-queue-0-ts-8-thread-1] INFO  o.t.s.dao.sql.TbSqlBlockingQueue - [TS] Queue polling completed
2025-01-18 12:06:28,644 [sql-queue-1-ts latest-12-thread-1] INFO  o.t.s.dao.sql.TbSqlBlockingQueue - [TS Latest] Queue polling completed
2025-01-18 12:06:28,645 [sql-queue-2-ts latest-13-thread-1] INFO  o.t.s.dao.sql.TbSqlBlockingQueue - [TS Latest] Queue polling completed
2025-01-18 12:06:28,646 [sql-queue-1-attributes-6-thread-1] INFO  o.t.s.dao.sql.TbSqlBlockingQueue - [Attributes] Queue polling completed
2025-01-18 12:06:28,652 [sql-queue-0-attributes-5-thread-1] INFO  o.t.s.dao.sql.TbSqlBlockingQueue - [Attributes] Queue polling completed
2025-01-18 12:06:28,660 [sql-queue-0-edge events-16-thread-1] INFO  o.t.s.dao.sql.TbSqlBlockingQueue - [Edge Events] Queue polling was interrupted
2025-01-18 12:06:28,660 [sql-queue-0-edge events-16-thread-1] INFO  o.t.s.dao.sql.TbSqlBlockingQueue - [Edge Events] Queue polling completed
2025-01-18 12:06:28,661 [sql-queue-1-events-3-thread-1] INFO  o.t.s.dao.sql.TbSqlBlockingQueue - [Events] Queue polling was interrupted
2025-01-18 12:06:28,661 [sql-queue-0-events-2-thread-1] INFO  o.t.s.dao.sql.TbSqlBlockingQueue - [Events] Queue polling was interrupted
2025-01-18 12:06:28,661 [sql-queue-2-events-4-thread-1] INFO  o.t.s.dao.sql.TbSqlBlockingQueue - [Events] Queue polling was interrupted
2025-01-18 12:06:28,661 [sql-queue-1-events-3-thread-1] INFO  o.t.s.dao.sql.TbSqlBlockingQueue - [Events] Queue polling completed
2025-01-18 12:06:28,662 [sql-queue-0-events-2-thread-1] INFO  o.t.s.dao.sql.TbSqlBlockingQueue - [Events] Queue polling completed
2025-01-18 12:06:28,662 [sql-queue-2-events-4-thread-1] INFO  o.t.s.dao.sql.TbSqlBlockingQueue - [Events] Queue polling completed
2025-01-18 12:06:28,663 [main] INFO  o.s.o.j.LocalContainerEntityManagerFactoryBean - Closing JPA EntityManagerFactory for persistence unit 'default'
2025-01-18 12:06:28,666 [main] INFO  com.zaxxer.hikari.HikariDataSource - HikariPool-1 - Shutdown initiated...
2025-01-18 12:06:28,678 [main] INFO  com.zaxxer.hikari.HikariDataSource - HikariPool-1 - Shutdown completed.
